nohup: ignoring input

  .   ____          _            __ _ _
 /\\ / ___'_ __ _ _(_)_ __  __ _ \ \ \ \
( ( )\___ | '_ | '_| | '_ \/ _` | \ \ \ \
 \\/  ___)| |_)| | | | | || (_| |  ) ) ) )
  '  |____| .__|_| |_|_| |_\__, | / / / /
 =========|_|==============|___/=/_/_/_/

 :: Spring Boot ::                (v4.0.4)

2026-04-17T11:20:29.465Z  INFO 317582 --- [VeagleSpaceTech] [           main] c.e.V.VeagleSpaceTechApplication         : Starting VeagleSpaceTechApplication v0.0.1-SNAPSHOT using Java 21.0.10 with PID 317582 (/root/Veagle/Server/target/VeagleSpaceTech-0.0.1-SNAPSHOT.jar started by root in /root/Veagle/Server)
2026-04-17T11:20:29.471Z  INFO 317582 --- [VeagleSpaceTech] [           main] c.e.V.VeagleSpaceTechApplication         : No active profile set, falling back to 1 default profile: "default"
2026-04-17T11:20:32.170Z  INFO 317582 --- [VeagleSpaceTech] [           main] .s.d.r.c.RepositoryConfigurationDelegate : Bootstrapping Spring Data JPA repositories in DEFAULT mode.
2026-04-17T11:20:32.475Z  INFO 317582 --- [VeagleSpaceTech] [           main] .s.d.r.c.RepositoryConfigurationDelegate : Finished Spring Data repository scanning in 289 ms. Found 12 JPA repository interfaces.
2026-04-17T11:20:34.238Z  INFO 317582 --- [VeagleSpaceTech] [           main] o.s.boot.tomcat.TomcatWebServer          : Tomcat initialized with port 8081 (http)
2026-04-17T11:20:34.259Z  INFO 317582 --- [VeagleSpaceTech] [           main] o.apache.catalina.core.StandardService   : Starting service [Tomcat]
2026-04-17T11:20:34.260Z  INFO 317582 --- [VeagleSpaceTech] [           main] o.apache.catalina.core.StandardEngine    : Starting Servlet engine: [Apache Tomcat/11.0.18]
2026-04-17T11:20:34.447Z  INFO 317582 --- [VeagleSpaceTech] [           main] b.w.c.s.WebApplicationContextInitializer : Root WebApplicationContext: initialization completed in 4812 ms
2026-04-17T11:20:34.961Z  INFO 317582 --- [VeagleSpaceTech] [           main] org.hibernate.orm.jpa                    : HHH008540: Processing PersistenceUnitInfo [name: default]
2026-04-17T11:20:35.188Z  INFO 317582 --- [VeagleSpaceTech] [           main] org.hibernate.orm.core                   : HHH000001: Hibernate ORM core version 7.2.7.Final
2026-04-17T11:20:36.383Z  INFO 317582 --- [VeagleSpaceTech] [           main] o.s.o.j.p.SpringPersistenceUnitInfo      : No LoadTimeWeaver setup: ignoring JPA class transformer
2026-04-17T11:20:36.493Z  INFO 317582 --- [VeagleSpaceTech] [           main] com.zaxxer.hikari.HikariDataSource       : HikariPool-1 - Starting...
2026-04-17T11:20:36.862Z  INFO 317582 --- [VeagleSpaceTech] [           main] com.zaxxer.hikari.pool.HikariPool        : HikariPool-1 - Added connection com.mysql.cj.jdbc.ConnectionImpl@fcd3a6f
2026-04-17T11:20:36.865Z  INFO 317582 --- [VeagleSpaceTech] [           main] com.zaxxer.hikari.HikariDataSource       : HikariPool-1 - Start completed.
2026-04-17T11:20:36.977Z  WARN 317582 --- [VeagleSpaceTech] [           main] org.hibernate.orm.deprecation            : HHH90000025: MySQLDialect does not need to be specified explicitly using 'hibernate.dialect' (remove the property setting and it will be selected by default)
2026-04-17T11:20:37.069Z  INFO 317582 --- [VeagleSpaceTech] [           main] org.hibernate.orm.connections.pooling    : HHH10001005: Database info:
	Database JDBC URL [jdbc:mysql://127.0.0.1:3306/veagledb?createDatabaseIfNotExist=true&useSSL=false&allowPublicKeyRetrieval=true&serverTimezone=Asia/Kolkata]
	Database driver: MySQL Connector/J
	Database dialect: MySQLDialect
	Database version: 8.0.45
	Default catalog/schema: veagledb/undefined
	Autocommit mode: undefined/unknown
	Isolation level: REPEATABLE_READ [default REPEATABLE_READ]
	JDBC fetch size: none
	Pool: DataSourceConnectionProvider
	Minimum pool size: undefined/unknown
	Maximum pool size: undefined/unknown
2026-04-17T11:20:40.766Z  INFO 317582 --- [VeagleSpaceTech] [           main] org.hibernate.orm.core                   : HHH000489: No JTA platform available (set 'hibernate.transaction.jta.platform' to enable JTA platform integration)
2026-04-17T11:20:40.942Z  INFO 317582 --- [VeagleSpaceTech] [           main] j.LocalContainerEntityManagerFactoryBean : Initialized JPA EntityManagerFactory for persistence unit 'default'
2026-04-17T11:20:41.173Z  INFO 317582 --- [VeagleSpaceTech] [           main] o.s.d.j.r.query.QueryEnhancerFactories   : Hibernate is in classpath; If applicable, HQL parser will be used.
2026-04-17T11:20:45.686Z  WARN 317582 --- [VeagleSpaceTech] [           main] JpaBaseConfiguration$JpaWebConfiguration : spring.jpa.open-in-view is enabled by default. Therefore, database queries may be performed during view rendering. Explicitly configure spring.jpa.open-in-view to disable this warning
2026-04-17T11:20:45.963Z  INFO 317582 --- [VeagleSpaceTech] [           main] r$InitializeUserDetailsManagerConfigurer : Global AuthenticationManager configured with UserDetailsService bean with name myUserDetailsService
2026-04-17T11:20:48.039Z  INFO 317582 --- [VeagleSpaceTech] [           main] o.s.boot.tomcat.TomcatWebServer          : Tomcat started on port 8081 (http) with context path '/'
2026-04-17T11:20:48.072Z  INFO 317582 --- [VeagleSpaceTech] [           main] c.e.V.VeagleSpaceTechApplication         : Started VeagleSpaceTechApplication in 19.775 seconds (process running for 21.149)
2026-04-17T11:20:48.081Z  WARN 317582 --- [VeagleSpaceTech] [           main] o.s.core.events.SpringDocAppInitializer  : SpringDoc /v3/api-docs endpoint is enabled by default. To disable it in production, set the property 'springdoc.api-docs.enabled=false'
2026-04-17T11:20:48.081Z  WARN 317582 --- [VeagleSpaceTech] [           main] o.s.core.events.SpringDocAppInitializer  : SpringDoc /swagger-ui.html endpoint is enabled by default. To disable it in production, set the property 'springdoc.swagger-ui.enabled=false'
Started... 
2026-04-17T11:23:00.555Z  INFO 317582 --- [VeagleSpaceTech] [nio-8081-exec-1] o.a.c.c.C.[Tomcat].[localhost].[/]       : Initializing Spring DispatcherServlet 'dispatcherServlet'
2026-04-17T11:23:00.557Z  INFO 317582 --- [VeagleSpaceTech] [nio-8081-exec-1] o.s.web.servlet.DispatcherServlet        : Initializing Servlet 'dispatcherServlet'
2026-04-17T11:23:00.563Z  INFO 317582 --- [VeagleSpaceTech] [nio-8081-exec-1] o.s.web.servlet.DispatcherServlet        : Completed initialization in 6 ms
